**********************
Windows PowerShell transcript start
Start time: 20260511224549
Username: ELONS-NIGHTMARE\z
RunAs User: ELONS-NIGHTMARE\z
Configuration Name: 
Machine: ELONS-NIGHTMARE (Microsoft Windows NT 10.0.26200.0)
Host Application: powershell.exe -NoProfile -Command Start-Transcript -Path 'C:\PROJECTS\SHELL\logs\terminal_CONSPIRACY_BAYES_2026_20260511_224548.log' -Append
Process ID: 34864
PSVersion: 5.1.26100.8115
PSEdition: Desktop
PSCompatibleVersions: 1.0, 2.0, 3.0, 4.0, 5.0, 5.1.26100.8115
BuildVersion: 10.0.26100.8115
CLRVersion: 4.0.30319.42000
WSManStackVersion: 3.0
PSRemotingProtocolVersion: 2.3
SerializationVersion: 1.1.0.1
**********************
Transcript started, output file is C:\PROJECTS\SHELL\logs\terminal_CONSPIRACY_BAYES_2026_20260511_224548.log
PS>$global:?
True
**********************
Windows PowerShell transcript end
End time: 20260511224549
**********************
